2025-02-19 18:37:03,943 [INFO] Activator:176 - 


2025-02-19 18:37:03,949 [INFO] Activator:177 - !SESSION log4j initialized
2025-02-19 18:37:09,105 [INFO] LogOutputStream:77 - [STDOUT_REDIRECT] 
2025-02-19 18:37:11,984 [INFO] ApplicationProperties:184 - Using Application install path: C:\ST\STM32CubeIDE_1.16.0\STM32CubeIDE\plugins\com.st.stm32cube.common.mx_6.12.1.202409122256
2025-02-19 18:37:12,001 [INFO] DbMcusXml:78 - Set database path to: C:\ST\STM32CubeIDE_1.16.0\STM32CubeIDE\plugins\com.st.stm32cube.common.mx_6.12.1.202409122256\\db\/mcu/
2025-02-19 18:37:12,002 [INFO] ApiDb:274 - Set plugin database path to: C:\ST\STM32CubeIDE_1.16.0\STM32CubeIDE\plugins\com.st.stm32cube.common.mx_6.12.1.202409122256\\db\/plugins/boardmanager/
2025-02-19 18:37:12,002 [WARN] ApiDb:259 - Overriding images path with different value:  => C:\ST\STM32CubeIDE_1.16.0\STM32CubeIDE\plugins\com.st.stm32cube.common.mx_6.12.1.202409122256\\db\/plugins/mcufinder/images/
2025-02-19 18:37:12,019 [INFO] ApiDb:250 - Set database path to: C:\Users\Dan Balan\.stmcufinder\plugins\mcufinder//mcu/
2025-02-19 18:37:12,020 [INFO] DbMcusAds:125 - Set database path to: C:\Users\Dan Balan\.stmcufinder\plugins\mcufinder//mcu/
2025-02-19 18:37:12,022 [INFO] CrossReferenceDbSqlite:203 - Set database path to: C:\Users\Dan Balan\.stmcufinder\plugins\mcufinder//mcu/cs/
2025-02-19 18:37:12,146 [INFO] RulesReader:64 - Compatibility file has been processed (297 Rules)
2025-02-19 18:37:12,256 [INFO] DbMcusXml:78 - Set database path to: C:\ST\STM32CubeIDE_1.16.0\STM32CubeIDE\plugins\com.st.stm32cube.common.mx_6.12.1.202409122256\\db\/mcu/
2025-02-19 18:37:12,256 [INFO] ApiDb:274 - Set plugin database path to: C:\ST\STM32CubeIDE_1.16.0\STM32CubeIDE\plugins\com.st.stm32cube.common.mx_6.12.1.202409122256\\db\/plugins/boardmanager/
2025-02-19 18:37:12,257 [INFO] ApiDb:261 - Set plugin images path to: C:\ST\STM32CubeIDE_1.16.0\STM32CubeIDE\plugins\com.st.stm32cube.common.mx_6.12.1.202409122256\\db\/plugins/mcufinder/images/
2025-02-19 18:37:12,257 [WARN] DbFile:41 - Overriding database path with different value: C:\Users\Dan Balan\.stmcufinder\plugins\mcufinder/ => C:\Users\Dan Balan\.stmcufinder\plugins\mcufinder
2025-02-19 18:37:12,257 [INFO] ApiDb:250 - Set database path to: C:\Users\Dan Balan\.stmcufinder\plugins\mcufinder//mcu/
2025-02-19 18:37:12,257 [WARN] DbFile:41 - Overriding database path with different value: C:\Users\Dan Balan\.stmcufinder\plugins\mcufinder/ => C:\Users\Dan Balan\.stmcufinder\plugins\mcufinder
2025-02-19 18:37:12,257 [INFO] DbMcusAds:125 - Set database path to: C:\Users\Dan Balan\.stmcufinder\plugins\mcufinder//mcu/
2025-02-19 18:37:12,257 [WARN] DbFile:41 - Overriding database path with different value: C:\Users\Dan Balan\.stmcufinder\plugins\mcufinder/ => C:\Users\Dan Balan\.stmcufinder\plugins\mcufinder
2025-02-19 18:37:12,257 [WARN] DbFile:41 - Overriding database path with different value: C:\Users\Dan Balan\.stmcufinder\plugins\mcufinder/ => C:\Users\Dan Balan\.stmcufinder\plugins\mcufinder
2025-02-19 18:37:12,257 [INFO] CrossReferenceDbSqlite:203 - Set database path to: C:\Users\Dan Balan\.stmcufinder\plugins\mcufinder//mcu/cs/
2025-02-19 18:37:12,342 [INFO] MainPanel:268 - HeapMemory: 268435456
2025-02-19 18:37:12,490 [INFO] DbMcusXml:78 - Set database path to: C:\ST\STM32CubeIDE_1.16.0\STM32CubeIDE\plugins\com.st.stm32cube.common.mx_6.12.1.202409122256\\db\/mcu/
2025-02-19 18:37:12,491 [INFO] ApiDb:274 - Set plugin database path to: C:\ST\STM32CubeIDE_1.16.0\STM32CubeIDE\plugins\com.st.stm32cube.common.mx_6.12.1.202409122256\\db\/plugins/boardmanager/
2025-02-19 18:37:12,491 [INFO] ApiDb:261 - Set plugin images path to: C:\ST\STM32CubeIDE_1.16.0\STM32CubeIDE\plugins\com.st.stm32cube.common.mx_6.12.1.202409122256\\db\/plugins/mcufinder/images/
2025-02-19 18:37:12,491 [WARN] DbFile:41 - Overriding database path with different value: C:\Users\Dan Balan\.stmcufinder\plugins\mcufinder/ => C:\Users\Dan Balan\.stmcufinder\plugins\mcufinder
2025-02-19 18:37:12,491 [INFO] ApiDb:250 - Set database path to: C:\Users\Dan Balan\.stmcufinder\plugins\mcufinder//mcu/
2025-02-19 18:37:12,491 [WARN] DbFile:41 - Overriding database path with different value: C:\Users\Dan Balan\.stmcufinder\plugins\mcufinder/ => C:\Users\Dan Balan\.stmcufinder\plugins\mcufinder
2025-02-19 18:37:12,491 [INFO] DbMcusAds:125 - Set database path to: C:\Users\Dan Balan\.stmcufinder\plugins\mcufinder//mcu/
2025-02-19 18:37:12,491 [WARN] DbFile:41 - Overriding database path with different value: C:\Users\Dan Balan\.stmcufinder\plugins\mcufinder/ => C:\Users\Dan Balan\.stmcufinder\plugins\mcufinder
2025-02-19 18:37:12,491 [WARN] DbFile:41 - Overriding database path with different value: C:\Users\Dan Balan\.stmcufinder\plugins\mcufinder/ => C:\Users\Dan Balan\.stmcufinder\plugins\mcufinder
2025-02-19 18:37:12,491 [INFO] CrossReferenceDbSqlite:203 - Set database path to: C:\Users\Dan Balan\.stmcufinder\plugins\mcufinder//mcu/cs/
2025-02-19 18:37:12,508 [INFO] ApplicationProperties:184 - Using Application install path: C:\ST\STM32CubeIDE_1.16.0\STM32CubeIDE\plugins\com.st.stm32cube.common.mx_6.12.1.202409122256
2025-02-19 18:37:12,510 [INFO] PluginManage:196 - Search for loadable plugins [exclusion list=, ]
2025-02-19 18:37:12,511 [INFO] PluginManage:310 - Check plugin analytics
2025-02-19 18:37:12,672 [INFO] AnalyticsPlugin:253 - Accepted Software Licenses: STM32CubeMX.6.12.0,STM32CubeMX.6.12.1
2025-02-19 18:37:12,673 [INFO] AnalyticsPlugin:255 - Accepted CMSIS Pack Licenses: 
2025-02-19 18:37:12,673 [INFO] AnalyticsPlugin:257 - Accepted Firmware Licenses: FW.F4.1.28.0
2025-02-19 18:37:12,674 [INFO] PluginManage:359 - Loaded plugin analytics (category:tool,tabindex:-1)
2025-02-19 18:37:12,676 [INFO] PluginManage:310 - Check plugin cadmodel
2025-02-19 18:37:12,697 [INFO] CADModel:105 - Init CAD model plugin
2025-02-19 18:37:12,697 [INFO] PluginManage:359 - Loaded plugin cadmodel (category:power,tabindex:5)
2025-02-19 18:37:12,699 [INFO] PluginManage:310 - Check plugin clock
2025-02-19 18:37:12,724 [INFO] PluginManage:359 - Loaded plugin clock (category:base,tabindex:2)
2025-02-19 18:37:12,724 [INFO] PluginManage:310 - Check plugin ddr
2025-02-19 18:37:12,726 [INFO] PluginManage:359 - Loaded plugin ddr (category:tool,tabindex:6)
2025-02-19 18:37:12,727 [INFO] PluginManage:310 - Check plugin filemanager
2025-02-19 18:37:12,871 [INFO] PluginManage:359 - Loaded plugin filemanager (category:base,tabindex:10)
2025-02-19 18:37:12,871 [INFO] PluginManage:310 - Check plugin ipmanager
2025-02-19 18:37:12,878 [INFO] PluginManage:359 - Loaded plugin ipmanager (category:base,tabindex:5)
2025-02-19 18:37:12,879 [INFO] PluginManage:310 - Check plugin lpbam
2025-02-19 18:37:12,900 [INFO] PluginManage:359 - Loaded plugin lpbam (category:base,tabindex:0)
2025-02-19 18:37:12,900 [INFO] PluginManage:310 - Check plugin memorymap
2025-02-19 18:37:12,924 [INFO] PluginManage:359 - Loaded plugin memorymap (category:base,tabindex:4)
2025-02-19 18:37:12,924 [INFO] PluginManage:310 - Check plugin pinoutandconfiguration
2025-02-19 18:37:12,945 [INFO] PluginManage:359 - Loaded plugin pinoutandconfiguration (category:base,tabindex:1)
2025-02-19 18:37:12,945 [INFO] PluginManage:310 - Check plugin pinoutconfig
2025-02-19 18:37:13,047 [WARN] SupportedApi:132 - Cannot load RTOS API schema: s4s-elt-must-match.1: The content of 'definitions' must match (annotation?, (simpleType | complexType)?, (unique | key | keyref)*)). A problem was found starting at: attribute.
2025-02-19 18:37:13,174 [INFO] PluginManage:359 - Loaded plugin pinoutconfig (category:base,tabindex:0)
2025-02-19 18:37:13,174 [INFO] PluginManage:310 - Check plugin power
2025-02-19 18:37:13,197 [INFO] PluginManage:359 - Loaded plugin power (category:power,tabindex:4)
2025-02-19 18:37:13,197 [INFO] PluginManage:310 - Check plugin projectmanager
2025-02-19 18:37:13,210 [INFO] PluginManage:359 - Loaded plugin projectmanager (category:projectmanager,tabindex:4)
2025-02-19 18:37:13,210 [INFO] PluginManage:310 - Check plugin rif
2025-02-19 18:37:13,229 [INFO] PluginManage:359 - Loaded plugin rif (category:base,tabindex:3)
2025-02-19 18:37:13,229 [INFO] PluginManage:310 - Check plugin thirdparty
2025-02-19 18:37:13,562 [INFO] PluginManage:359 - Loaded plugin thirdparty (category:base,tabindex:-1)
2025-02-19 18:37:13,562 [WARN] IntegrityCheckThread:84 - waiting for thirdparty lock release [integrity check]
2025-02-19 18:37:13,562 [INFO] PluginManage:310 - Check plugin tools
2025-02-19 18:37:13,562 [INFO] IntegrityCheckThread:86 - entering critical section [integrity check]
2025-02-19 18:37:13,562 [INFO] ThirdPartyUpdaterWithRetryManager:70 - Updater plugin not ready yet. [1/15]
2025-02-19 18:37:13,612 [INFO] PluginManage:359 - Loaded plugin tools (category:base,tabindex:7)
2025-02-19 18:37:13,612 [INFO] PluginManage:310 - Check plugin tutovideos
2025-02-19 18:37:13,799 [INFO] PluginManage:359 - Loaded plugin tutovideos (category:base,tabindex:-1)
2025-02-19 18:37:13,799 [INFO] PluginManage:310 - Check plugin updater
2025-02-19 18:37:13,815 [INFO] PluginManage:359 - Loaded plugin updater (category:base,tabindex:12)
2025-02-19 18:37:13,815 [INFO] PluginManage:310 - Check plugin userauth
2025-02-19 18:37:13,820 [INFO] UserAuth:113 - Init User Auth plugin
2025-02-19 18:37:13,821 [INFO] PluginManage:359 - Loaded plugin userauth (category:base,tabindex:14)
2025-02-19 18:37:13,821 [INFO] PluginManage:283 - PluginManage : Loaded plugins [18]
2025-02-19 18:37:14,031 [INFO] PinOutPanel:1561 - setPackage(No Configuration,No Configuration)
2025-02-19 18:37:14,110 [INFO] CADModel:165 - CPN selected for project level
2025-02-19 18:37:14,110 [INFO] CADModel:114 - Register for checkConnection events
2025-02-19 18:37:14,142 [INFO] IPUIPlugin:80 - create IPUIPlugin
2025-02-19 18:37:14,142 [INFO] PluginManager:220 - loadIPPluginJar : add adc
2025-02-19 18:37:14,201 [INFO] IPUIPlugin:80 - create IPUIPlugin
2025-02-19 18:37:14,201 [INFO] PluginManager:220 - loadIPPluginJar : add aes
2025-02-19 18:37:14,269 [INFO] IPUIPlugin:80 - create IPUIPlugin
2025-02-19 18:37:14,270 [INFO] PluginManager:220 - loadIPPluginJar : add can
2025-02-19 18:37:14,302 [INFO] IPUIPlugin:80 - create IPUIPlugin
2025-02-19 18:37:14,302 [INFO] PluginManager:220 - loadIPPluginJar : add comp
2025-02-19 18:37:14,345 [INFO] IPUIPlugin:80 - create IPUIPlugin
2025-02-19 18:37:14,345 [INFO] PluginManager:220 - loadIPPluginJar : add cryp
2025-02-19 18:37:14,361 [INFO] IPUIPlugin:80 - create IPUIPlugin
2025-02-19 18:37:14,362 [INFO] PluginManager:220 - loadIPPluginJar : add ddr_ctrl_phy
2025-02-19 18:37:14,402 [INFO] IPUIPlugin:80 - create IPUIPlugin
2025-02-19 18:37:14,402 [INFO] PluginManager:220 - loadIPPluginJar : add dfsdm
2025-02-19 18:37:14,419 [INFO] IPUIPlugin:80 - create IPUIPlugin
2025-02-19 18:37:14,420 [INFO] PluginManager:220 - loadIPPluginJar : add dma
2025-02-19 18:37:14,468 [INFO] IPUIPlugin:80 - create IPUIPlugin
2025-02-19 18:37:14,469 [INFO] PluginManager:220 - loadIPPluginJar : add dma3
2025-02-19 18:37:14,516 [INFO] IPUIPlugin:80 - create IPUIPlugin
2025-02-19 18:37:14,516 [INFO] PluginManager:220 - loadIPPluginJar : add extmemmanager
2025-02-19 18:37:14,539 [INFO] IPUIPlugin:80 - create IPUIPlugin
2025-02-19 18:37:14,539 [INFO] PluginManager:220 - loadIPPluginJar : add fatfs
2025-02-19 18:37:14,605 [INFO] IPUIPlugin:80 - create IPUIPlugin
2025-02-19 18:37:14,605 [INFO] PluginManager:220 - loadIPPluginJar : add fmc
2025-02-19 18:37:14,628 [INFO] IPUIPlugin:80 - create IPUIPlugin
2025-02-19 18:37:14,628 [INFO] PluginManager:220 - loadIPPluginJar : add freertos
2025-02-19 18:37:14,662 [INFO] IPUIPlugin:80 - create IPUIPlugin
2025-02-19 18:37:14,662 [INFO] PluginManager:220 - loadIPPluginJar : add genericplugin
2025-02-19 18:37:14,803 [INFO] IPUIPlugin:80 - create IPUIPlugin
2025-02-19 18:37:14,803 [INFO] PluginManager:220 - loadIPPluginJar : add gfxmmu
2025-02-19 18:37:14,987 [INFO] IPUIPlugin:80 - create IPUIPlugin
2025-02-19 18:37:14,987 [INFO] PluginManager:220 - loadIPPluginJar : add gic
2025-02-19 18:37:15,006 [INFO] IPUIPlugin:80 - create IPUIPlugin
2025-02-19 18:37:15,006 [INFO] PluginManager:220 - loadIPPluginJar : add gpio
2025-02-19 18:37:15,135 [INFO] IPUIPlugin:80 - create IPUIPlugin
2025-02-19 18:37:15,135 [INFO] PluginManager:220 - loadIPPluginJar : add gtzc
2025-02-19 18:37:15,180 [INFO] IPUIPlugin:80 - create IPUIPlugin
2025-02-19 18:37:15,180 [INFO] PluginManager:220 - loadIPPluginJar : add hash
2025-02-19 18:37:15,260 [INFO] IPUIPlugin:80 - create IPUIPlugin
2025-02-19 18:37:15,260 [INFO] PluginManager:220 - loadIPPluginJar : add i2c
2025-02-19 18:37:15,319 [INFO] IPUIPlugin:80 - create IPUIPlugin
2025-02-19 18:37:15,319 [INFO] PluginManager:220 - loadIPPluginJar : add i2s
2025-02-19 18:37:15,376 [INFO] IPUIPlugin:80 - create IPUIPlugin
2025-02-19 18:37:15,376 [INFO] PluginManager:220 - loadIPPluginJar : add i3c
2025-02-19 18:37:15,509 [INFO] IPUIPlugin:80 - create IPUIPlugin
2025-02-19 18:37:15,509 [INFO] PluginManager:220 - loadIPPluginJar : add ipddr
2025-02-19 18:37:15,636 [INFO] IPUIPlugin:80 - create IPUIPlugin
2025-02-19 18:37:15,636 [INFO] PluginManager:220 - loadIPPluginJar : add linkedlist
2025-02-19 18:37:15,686 [INFO] IPUIPlugin:80 - create IPUIPlugin
2025-02-19 18:37:15,687 [INFO] PluginManager:220 - loadIPPluginJar : add lorawan
2025-02-19 18:37:15,740 [INFO] IPUIPlugin:80 - create IPUIPlugin
2025-02-19 18:37:15,741 [INFO] PluginManager:220 - loadIPPluginJar : add ltdc
2025-02-19 18:37:15,757 [INFO] IPUIPlugin:80 - create IPUIPlugin
2025-02-19 18:37:15,759 [INFO] PluginManager:220 - loadIPPluginJar : add mdma
2025-02-19 18:37:15,775 [INFO] IPUIPlugin:80 - create IPUIPlugin
2025-02-19 18:37:15,775 [INFO] PluginManager:220 - loadIPPluginJar : add nvic
2025-02-19 18:37:15,827 [INFO] IPUIPlugin:80 - create IPUIPlugin
2025-02-19 18:37:15,827 [INFO] PluginManager:220 - loadIPPluginJar : add opamp
2025-02-19 18:37:15,915 [INFO] IPUIPlugin:80 - create IPUIPlugin
2025-02-19 18:37:15,916 [INFO] PluginManager:220 - loadIPPluginJar : add openamp
2025-02-19 18:37:15,975 [INFO] IPUIPlugin:80 - create IPUIPlugin
2025-02-19 18:37:15,975 [INFO] PluginManager:220 - loadIPPluginJar : add pdm2pcm
2025-02-19 18:37:15,996 [INFO] IPUIPlugin:80 - create IPUIPlugin
2025-02-19 18:37:15,998 [INFO] PluginManager:220 - loadIPPluginJar : add plateformsettings
2025-02-19 18:37:16,036 [INFO] IPUIPlugin:80 - create IPUIPlugin
2025-02-19 18:37:16,037 [INFO] PluginManager:220 - loadIPPluginJar : add quadspi
2025-02-19 18:37:16,072 [INFO] IPUIPlugin:80 - create IPUIPlugin
2025-02-19 18:37:16,074 [INFO] PluginManager:220 - loadIPPluginJar : add radio
2025-02-19 18:37:16,091 [INFO] IPUIPlugin:80 - create IPUIPlugin
2025-02-19 18:37:16,092 [INFO] PluginManager:220 - loadIPPluginJar : add resmgrutility
2025-02-19 18:37:16,175 [INFO] IPUIPlugin:80 - create IPUIPlugin
2025-02-19 18:37:16,175 [INFO] PluginManager:220 - loadIPPluginJar : add sai
2025-02-19 18:37:16,243 [INFO] IPUIPlugin:80 - create IPUIPlugin
2025-02-19 18:37:16,243 [INFO] PluginManager:220 - loadIPPluginJar : add spi
2025-02-19 18:37:16,356 [INFO] IPUIPlugin:80 - create IPUIPlugin
2025-02-19 18:37:16,356 [INFO] PluginManager:220 - loadIPPluginJar : add stm32_wpan
2025-02-19 18:37:16,393 [INFO] IPUIPlugin:80 - create IPUIPlugin
2025-02-19 18:37:16,393 [INFO] PluginManager:220 - loadIPPluginJar : add tim
2025-02-19 18:37:16,480 [INFO] IPUIPlugin:80 - create IPUIPlugin
2025-02-19 18:37:16,480 [INFO] PluginManager:220 - loadIPPluginJar : add touchsensing
2025-02-19 18:37:16,516 [INFO] IPUIPlugin:80 - create IPUIPlugin
2025-02-19 18:37:16,516 [INFO] PluginManager:220 - loadIPPluginJar : add tracer_emb
2025-02-19 18:37:16,553 [INFO] IPUIPlugin:80 - create IPUIPlugin
2025-02-19 18:37:16,553 [INFO] PluginManager:220 - loadIPPluginJar : add ts
2025-02-19 18:37:16,564 [INFO] ThirdPartyUpdaterWithRetryManager:70 - Updater plugin not ready yet. [2/15]
2025-02-19 18:37:16,587 [INFO] IPUIPlugin:80 - create IPUIPlugin
2025-02-19 18:37:16,587 [INFO] PluginManager:220 - loadIPPluginJar : add tsc
2025-02-19 18:37:16,616 [INFO] IPUIPlugin:80 - create IPUIPlugin
2025-02-19 18:37:16,617 [INFO] PluginManager:220 - loadIPPluginJar : add ucpd
2025-02-19 18:37:16,681 [INFO] IPUIPlugin:80 - create IPUIPlugin
2025-02-19 18:37:16,682 [INFO] PluginManager:220 - loadIPPluginJar : add usart
2025-02-19 18:37:16,742 [INFO] IPUIPlugin:80 - create IPUIPlugin
2025-02-19 18:37:16,743 [INFO] PluginManager:220 - loadIPPluginJar : add usbx
2025-02-19 18:37:16,875 [INFO] CADModel:165 - CPN selected for project level
2025-02-19 18:37:16,875 [INFO] CADModel:114 - Register for checkConnection events
2025-02-19 18:37:16,875 [FATAL] Updater:334 - Updater called before beeing initialized
2025-02-19 18:37:16,875 [ERROR] CADModel:125 - Updater not yet initialized, retry later 
2025-02-19 18:37:17,026 [INFO] CADModel:165 - CPN selected for project level
2025-02-19 18:37:17,026 [INFO] CADModel:114 - Register for checkConnection events
2025-02-19 18:37:17,026 [FATAL] Updater:334 - Updater called before beeing initialized
2025-02-19 18:37:17,026 [ERROR] CADModel:125 - Updater not yet initialized, retry later 
2025-02-19 18:37:17,029 [FATAL] Updater:334 - Updater called before beeing initialized
2025-02-19 18:37:17,141 [FATAL] Updater:334 - Updater called before beeing initialized
2025-02-19 18:37:17,158 [INFO] DbMcusAds:53 - JSON generation date=Tue Dec 17 18:01:15 EET 2024 (1734451275111)
2025-02-19 18:37:17,158 [FATAL] Updater:334 - Updater called before beeing initialized
2025-02-19 18:37:17,205 [WARN] DetailPanel:346 - Failed to get advertising image, set to default
2025-02-19 18:37:17,295 [FATAL] Updater:334 - Updater called before beeing initialized
2025-02-19 18:37:17,296 [FATAL] Updater:334 - Updater called before beeing initialized
2025-02-19 18:37:17,296 [FATAL] Updater:334 - Updater called before beeing initialized
2025-02-19 18:37:17,296 [WARN] DetailPanel:346 - Failed to get advertising image, set to default
2025-02-19 18:37:17,298 [FATAL] Updater:334 - Updater called before beeing initialized
2025-02-19 18:37:17,367 [ERROR] Updater:1164 - MainUpdater not yet initialized. External WinMGr cannot be set.
2025-02-19 18:37:17,380 [INFO] Updater:1100 - Updater Version found : 6.12.1
2025-02-19 18:37:17,397 [INFO] ApplicationProperties:184 - Using Application install path: C:\ST\STM32CubeIDE_1.16.0\STM32CubeIDE\plugins\com.st.stm32cube.common.mx_6.12.1.202409122256
2025-02-19 18:37:19,012 [ERROR] LogOutputStream:75 - [STDERR_REDIRECT] Feb 19, 2025 6:37:19 PM java.util.prefs.WindowsPreferences <init>
2025-02-19 18:37:19,014 [ERROR] LogOutputStream:75 - [STDERR_REDIRECT] WARNING: Could not open/create prefs root node Software\JavaSoft\Prefs at root 0xffffffff80000002. Windows RegCreateKeyEx(...) returned error code 5.
2025-02-19 18:37:19,015 [ERROR] LogOutputStream:75 - [STDERR_REDIRECT] 
2025-02-19 18:37:19,577 [INFO] ThirdPartyUpdaterWithRetryManager:70 - Updater plugin not ready yet. [3/15]
2025-02-19 18:37:20,053 [INFO] MainUpdater:2873 - connection check result : 10
2025-02-19 18:37:20,053 [INFO] MainUpdater:290 - Updater Check For Update Now.
2025-02-19 18:37:20,053 [INFO] MicroXplorer:498 - Change Database Version : DB.6.0.121
2025-02-19 18:37:20,073 [INFO] McuFinderGlobals:63 - Set McuFinder mode to 2 (CubeIDE integrated)
2025-02-19 18:37:20,081 [INFO] UserAuth:417 - Internet connection configuration mode: 1
2025-02-19 18:37:20,109 [INFO] JxBrowserEngine:152 - Initiate JxBrowser Engine with user profile folder
2025-02-19 18:37:20,295 [INFO] CheckServerUpdateThread:120 - End of CheckServer Thread
2025-02-19 18:37:22,939 [WARN] PackLoader:240 - Cannot read IP mode file for STMicroelectronics.FP-SNS-MOTENVWB1.1.4.0
2025-02-19 18:37:22,960 [WARN] PackLoader:240 - Cannot read IP mode file for STMicroelectronics.FP-ATR-ASTRA1.2.0.1
2025-02-19 18:37:22,980 [WARN] PackLoader:240 - Cannot read IP mode file for STMicroelectronics.X-CUBE-SMBUS.2.1.0
2025-02-19 18:37:22,997 [WARN] PackLoader:240 - Cannot read IP mode file for STMicroelectronics.X-CUBE-WB05N.1.1.0
2025-02-19 18:37:23,042 [WARN] PackLoader:240 - Cannot read IP mode file for STMicroelectronics.X-CUBE-AZRTOS-F7.1.1.0
2025-02-19 18:37:23,064 [INFO] WebApp:167 - Instantiating new browser for Auth
2025-02-19 18:37:23,142 [WARN] PackLoader:240 - Cannot read IP mode file for STMicroelectronics.X-CUBE-MEMS1.11.0.0
2025-02-19 18:37:23,324 [WARN] PackLoader:240 - Cannot read IP mode file for STMicroelectronics.FP-SNS-FLIGHT1.5.0.2
2025-02-19 18:37:23,348 [WARN] PackLoader:240 - Cannot read IP mode file for STMicroelectronics.X-CUBE-DISPLAY.3.0.0
2025-02-19 18:37:23,369 [WARN] PackLoader:240 - Cannot read IP mode file for STMicroelectronics.X-CUBE-BLE1.7.0.0
2025-02-19 18:37:23,389 [WARN] PackLoader:240 - Cannot read IP mode file for STMicroelectronics.X-CUBE-NFC10.1.0.0
2025-02-19 18:37:23,412 [WARN] PackLoader:240 - Cannot read IP mode file for STMicroelectronics.X-CUBE-BLEMGR.4.0.0
2025-02-19 18:37:23,431 [WARN] PackLoader:240 - Cannot read IP mode file for emotas.I-CUBE-CANOPEN.1.3.0
2025-02-19 18:37:23,451 [WARN] PackLoader:240 - Cannot read IP mode file for STMicroelectronics.X-CUBE-BLEMGR.3.1.0
2025-02-19 18:37:23,469 [WARN] PackLoader:240 - Cannot read IP mode file for STMicroelectronics.X-CUBE-AI.10.0.0
2025-02-19 18:37:23,486 [WARN] PackLoader:240 - Cannot read IP mode file for STMicroelectronics.FP-SNS-SMARTAG2.1.2.0
2025-02-19 18:37:23,549 [WARN] PackLoader:240 - Cannot read IP mode file for STMicroelectronics.X-CUBE-MEMS1.11.1.0
2025-02-19 18:37:23,712 [INFO] LogOutputStream:77 - [STDOUT_REDIRECT] 1 : Invalid condition id : UX_CORESTACK_Condition cause : null
2025-02-19 18:37:23,713 [INFO] LogOutputStream:77 - [STDOUT_REDIRECT] 1 : Invalid condition id : UX_CORESTACK_Condition cause : null
2025-02-19 18:37:23,715 [INFO] LogOutputStream:77 - [STDOUT_REDIRECT] 1 : Invalid condition id : UX_CORESTACK_Condition cause : null
2025-02-19 18:37:23,716 [INFO] LogOutputStream:77 - [STDOUT_REDIRECT] 1 : Invalid condition id : UX_CORESTACK_Condition cause : null
2025-02-19 18:37:23,717 [INFO] LogOutputStream:77 - [STDOUT_REDIRECT] 1 : Invalid condition id : UX_CORESTACK_Condition cause : null
2025-02-19 18:37:23,720 [WARN] PackLoader:240 - Cannot read IP mode file for STMicroelectronics.X-CUBE-AZRTOS-WL.2.0.0
2025-02-19 18:37:23,745 [WARN] PackLoader:240 - Cannot read IP mode file for STMicroelectronics.FP-SNS-MOTENV1.5.0.0
2025-02-19 18:37:23,766 [WARN] PackLoader:240 - Cannot read IP mode file for wolfSSL.I-CUBE-wolfMQTT.1.19.0
2025-02-19 18:37:23,789 [WARN] PackLoader:240 - Cannot read IP mode file for WES.I-CUBE-Cesium.1.3.0
2025-02-19 18:37:23,812 [WARN] PackLoader:240 - Cannot read IP mode file for STMicroelectronics.X-CUBE-BLE2.3.3.0
2025-02-19 18:37:23,867 [WARN] PackLoader:240 - Cannot read IP mode file for STMicroelectronics.X-CUBE-NFC9.1.0.0
2025-02-19 18:37:23,932 [WARN] PackLoader:240 - Cannot read IP mode file for STMicroelectronics.X-CUBE-TCPP.4.1.0
2025-02-19 18:37:24,005 [WARN] PackLoader:240 - Cannot read IP mode file for STMicroelectronics.X-CUBE-AZRTOS-G0.1.1.0
2025-02-19 18:37:24,029 [INFO] WebApp:448 - Apply proxy settings
2025-02-19 18:37:24,030 [INFO] WebApp:533 - Chromium requires no authentication
2025-02-19 18:37:24,038 [WARN] PackLoader:240 - Cannot read IP mode file for STMicroelectronics.X-CUBE-SAFEA1.1.2.2
2025-02-19 18:37:24,044 [INFO] WebApp:476 - Direct internet connection detected
2025-02-19 18:37:24,062 [WARN] PackLoader:240 - Cannot read IP mode file for STMicroelectronics.X-CUBE-NFC4.3.0.0
2025-02-19 18:37:24,081 [INFO] WebApp:869 - Register for checkConnection events
2025-02-19 18:37:24,081 [INFO] WebApp:448 - Apply proxy settings
2025-02-19 18:37:24,081 [INFO] WebApp:533 - Chromium requires no authentication
2025-02-19 18:37:24,082 [INFO] WebApp:476 - Direct internet connection detected
2025-02-19 18:37:24,090 [WARN] PackLoader:240 - Cannot read IP mode file for EmbeddedOffice.I-CUBE-FS-RTOS.1.0.1
2025-02-19 18:37:24,091 [ERROR] ConditionMgr:805 - Attr not supported : Dmpu
2025-02-19 18:37:24,091 [ERROR] ConditionMgr:805 - Attr not supported : Dmpu
2025-02-19 18:37:24,091 [ERROR] ConditionMgr:805 - Attr not supported : Dmpu
2025-02-19 18:37:24,091 [ERROR] ConditionMgr:805 - Attr not supported : Dmpu
2025-02-19 18:37:24,091 [ERROR] ConditionMgr:805 - Attr not supported : Dmpu
2025-02-19 18:37:24,091 [ERROR] ConditionMgr:805 - Attr not supported : Dmpu
2025-02-19 18:37:24,091 [ERROR] ConditionMgr:805 - Attr not supported : Dmpu
2025-02-19 18:37:24,091 [ERROR] ConditionMgr:805 - Attr not supported : Dmpu
2025-02-19 18:37:24,091 [ERROR] ConditionMgr:805 - Attr not supported : Dmpu
2025-02-19 18:37:24,091 [ERROR] ConditionMgr:805 - Attr not supported : Dmpu
2025-02-19 18:37:24,091 [ERROR] ConditionMgr:805 - Attr not supported : Dmpu
2025-02-19 18:37:24,091 [ERROR] ConditionMgr:805 - Attr not supported : Dmpu
2025-02-19 18:37:24,092 [ERROR] ConditionMgr:805 - Attr not supported : Dmpu
2025-02-19 18:37:24,092 [ERROR] ConditionMgr:805 - Attr not supported : Dmpu
2025-02-19 18:37:24,092 [ERROR] ConditionMgr:805 - Attr not supported : Dmpu
2025-02-19 18:37:24,092 [ERROR] ConditionMgr:805 - Attr not supported : Dmpu
2025-02-19 18:37:24,092 [ERROR] ConditionMgr:805 - Attr not supported : Dmpu
2025-02-19 18:37:24,092 [ERROR] ConditionMgr:805 - Attr not supported : Dmpu
2025-02-19 18:37:24,092 [ERROR] ConditionMgr:805 - Attr not supported : Dmpu
2025-02-19 18:37:24,092 [ERROR] ConditionMgr:805 - Attr not supported : Dmpu
2025-02-19 18:37:24,092 [ERROR] ConditionMgr:805 - Attr not supported : Dmpu
2025-02-19 18:37:24,092 [ERROR] ConditionMgr:805 - Attr not supported : Dmpu
2025-02-19 18:37:24,092 [ERROR] ConditionMgr:805 - Attr not supported : Dmpu
2025-02-19 18:37:24,092 [ERROR] ConditionMgr:805 - Attr not supported : Dmpu
2025-02-19 18:37:24,092 [ERROR] ConditionMgr:805 - Attr not supported : Dmpu
2025-02-19 18:37:24,092 [ERROR] ConditionMgr:805 - Attr not supported : Dmpu
2025-02-19 18:37:24,092 [ERROR] ConditionMgr:805 - Attr not supported : Dmpu
2025-02-19 18:37:24,092 [ERROR] ConditionMgr:805 - Attr not supported : Dmpu
2025-02-19 18:37:24,092 [ERROR] ConditionMgr:805 - Attr not supported : Dmpu
2025-02-19 18:37:24,092 [ERROR] ConditionMgr:805 - Attr not supported : Dmpu
2025-02-19 18:37:24,092 [ERROR] ConditionMgr:805 - Attr not supported : Dmpu
2025-02-19 18:37:24,092 [ERROR] ConditionMgr:805 - Attr not supported : Dmpu
2025-02-19 18:37:24,092 [ERROR] ConditionMgr:805 - Attr not supported : Dmpu
2025-02-19 18:37:24,092 [ERROR] ConditionMgr:805 - Attr not supported : Dmpu
2025-02-19 18:37:24,092 [ERROR] ConditionMgr:805 - Attr not supported : Dmpu
2025-02-19 18:37:24,092 [ERROR] ConditionMgr:805 - Attr not supported : Dmpu
2025-02-19 18:37:24,093 [ERROR] ConditionMgr:805 - Attr not supported : Dmpu
2025-02-19 18:37:24,093 [ERROR] ConditionMgr:805 - Attr not supported : Dmpu
2025-02-19 18:37:24,093 [ERROR] ConditionMgr:805 - Attr not supported : Dmpu
2025-02-19 18:37:24,093 [ERROR] ConditionMgr:805 - Attr not supported : Dmpu
2025-02-19 18:37:24,093 [ERROR] ConditionMgr:805 - Attr not supported : Dmpu
2025-02-19 18:37:24,093 [ERROR] ConditionMgr:805 - Attr not supported : Dmpu
2025-02-19 18:37:24,093 [ERROR] ConditionMgr:805 - Attr not supported : Dmpu
2025-02-19 18:37:24,093 [ERROR] ConditionMgr:805 - Attr not supported : Dmpu
2025-02-19 18:37:24,093 [ERROR] ConditionMgr:805 - Attr not supported : Dmpu
2025-02-19 18:37:24,093 [ERROR] ConditionMgr:805 - Attr not supported : Dmpu
2025-02-19 18:37:24,093 [ERROR] ConditionMgr:805 - Attr not supported : Dmpu
2025-02-19 18:37:24,093 [ERROR] ConditionMgr:805 - Attr not supported : Dmpu
2025-02-19 18:37:24,093 [ERROR] ConditionMgr:805 - Attr not supported : Dmpu
2025-02-19 18:37:24,093 [ERROR] ConditionMgr:805 - Attr not supported : Dmpu
2025-02-19 18:37:24,093 [ERROR] ConditionMgr:805 - Attr not supported : Dmpu
2025-02-19 18:37:24,093 [ERROR] ConditionMgr:805 - Attr not supported : Dmpu
2025-02-19 18:37:24,093 [ERROR] ConditionMgr:805 - Attr not supported : Dmpu
2025-02-19 18:37:24,093 [ERROR] ConditionMgr:805 - Attr not supported : Dmpu
2025-02-19 18:37:24,094 [ERROR] ConditionMgr:805 - Attr not supported : Dmpu
2025-02-19 18:37:24,094 [ERROR] ConditionMgr:805 - Attr not supported : Dmpu
2025-02-19 18:37:24,094 [ERROR] ConditionMgr:805 - Attr not supported : Dmpu
2025-02-19 18:37:24,094 [ERROR] ConditionMgr:805 - Attr not supported : Dmpu
2025-02-19 18:37:24,094 [ERROR] ConditionMgr:805 - Attr not supported : Dmpu
2025-02-19 18:37:24,094 [ERROR] ConditionMgr:805 - Attr not supported : Dmpu
2025-02-19 18:37:24,094 [ERROR] ConditionMgr:805 - Attr not supported : Dmpu
2025-02-19 18:37:24,094 [ERROR] ConditionMgr:805 - Attr not supported : Dmpu
2025-02-19 18:37:24,094 [ERROR] ConditionMgr:805 - Attr not supported : Dmpu
2025-02-19 18:37:24,094 [ERROR] ConditionMgr:805 - Attr not supported : Dmpu
2025-02-19 18:37:24,113 [ERROR] Engine:466 - C:\Users\Dan Balan\.stm32cubemx\thirdparties\pdsc\STMicroelectronics.X-CUBE-TCPP.4.2.0.pdsc: PDSC version is not supported
2025-02-19 18:37:24,132 [WARN] PackLoader:240 - Cannot read IP mode file for RealThread.X-CUBE-RT-Thread_Nano.4.1.1
2025-02-19 18:37:24,153 [WARN] PackLoader:240 - Cannot read IP mode file for STMicroelectronics.FP-ATR-SIGFOX1.3.2.0
2025-02-19 18:37:24,171 [WARN] PackLoader:240 - Cannot read IP mode file for wolfSSL.I-CUBE-wolfSSL.5.7.2
2025-02-19 18:37:24,193 [WARN] ConditionMgr:438 - getConditionDescription Invalid condition id : Cortex-A Device cause : null
2025-02-19 18:37:24,225 [WARN] ConditionMgr:1039 - genDependencies : Invalid condition id : Cortex-A Device cause : null
2025-02-19 18:37:24,225 [WARN] ConditionMgr:1039 - genDependencies : Invalid condition id : Cortex-A Device cause : null
2025-02-19 18:37:24,225 [WARN] ConditionMgr:1039 - genDependencies : Invalid condition id : Cortex-A Device cause : null
2025-02-19 18:37:24,250 [WARN] PackLoader:240 - Cannot read IP mode file for STMicroelectronics.X-CUBE-EEPRMA1.5.1.0
2025-02-19 18:37:24,270 [WARN] PackLoader:240 - Cannot read IP mode file for ITTIA_DB.I-CUBE-ITTIADB.8.9.0
2025-02-19 18:37:24,312 [WARN] PackLoader:240 - Cannot read IP mode file for SEGGER.I-CUBE-embOS.1.3.1
2025-02-19 18:37:24,332 [INFO] WebApp:220 - Starting web application
2025-02-19 18:37:24,332 [INFO] WebApp:578 - Web application path used C:\ST\STM32CubeIDE_1.16.0\STM32CubeIDE\plugins\com.st.stm32cube.common.mx_6.12.1.202409122256\db\plugins\mcufinder\reactClient1\index.html
2025-02-19 18:37:24,354 [WARN] PackLoader:240 - Cannot read IP mode file for STMicroelectronics.X-CUBE-ALGOBUILD.1.4.0
2025-02-19 18:37:24,372 [WARN] PackLoader:240 - Cannot read IP mode file for STMicroelectronics.X-CUBE-AI.9.1.0
2025-02-19 18:37:24,418 [WARN] PackLoader:240 - Cannot read IP mode file for STMicroelectronics.X-CUBE-AZRTOS-F4.1.1.0
2025-02-19 18:37:24,443 [WARN] PackLoader:240 - Cannot read IP mode file for STMicroelectronics.X-CUBE-ISPU.2.1.0
2025-02-19 18:37:24,463 [WARN] PackLoader:240 - Cannot read IP mode file for STMicroelectronics.X-CUBE-FREERTOS.1.2.0
2025-02-19 18:37:24,503 [INFO] WebApp:186 - Connection restablished
2025-02-19 18:37:24,505 [WARN] PackLoader:240 - Cannot read IP mode file for STMicroelectronics.X-CUBE-AZRTOS-L5.2.0.0
2025-02-19 18:37:24,528 [WARN] PackLoader:240 - Cannot read IP mode file for STMicroelectronics.X-CUBE-NFC6.3.1.0
2025-02-19 18:37:24,548 [INFO] UserAuth:417 - Internet connection configuration mode: 1
2025-02-19 18:37:24,559 [WARN] PackLoader:240 - Cannot read IP mode file for STMicroelectronics.X-CUBE-DPower.1.2.0
2025-02-19 18:37:24,612 [WARN] PackLoader:240 - Cannot read IP mode file for STMicroelectronics.X-CUBE-AI.9.0.0
2025-02-19 18:37:24,635 [WARN] PackLoader:240 - Cannot read IP mode file for STMicroelectronics.X-CUBE-FREERTOS.1.3.0
2025-02-19 18:37:24,664 [WARN] PackLoader:240 - Cannot read IP mode file for STMicroelectronics.X-CUBE-NFC7.1.0.1
2025-02-19 18:37:24,719 [WARN] ConditionMgr:438 - getConditionDescription Invalid condition id : LAN8742 Phy interface Condition cause : null
2025-02-19 18:37:24,720 [WARN] PackLoader:240 - Cannot read IP mode file for STMicroelectronics.X-CUBE-AZRTOS-L4.2.0.0
2025-02-19 18:37:24,723 [WARN] ConditionMgr:1039 - genDependencies : Invalid condition id : LAN8742 Phy interface Condition cause : null
2025-02-19 18:37:24,723 [WARN] ConditionMgr:1039 - genDependencies : Invalid condition id : LAN8742 Phy interface Condition cause : null
2025-02-19 18:37:24,724 [WARN] ConditionMgr:1039 - genDependencies : Invalid condition id : LAN8742 Phy interface Condition cause : null
2025-02-19 18:37:24,782 [WARN] PackLoader:240 - Cannot read IP mode file for STMicroelectronics.X-CUBE-SFXS2LP1.4.0.0
2025-02-19 18:37:24,830 [WARN] PackLoader:240 - Cannot read IP mode file for STMicroelectronics.X-CUBE-AZRTOS-H7.3.3.0
2025-02-19 18:37:24,862 [WARN] PackLoader:240 - Cannot read IP mode file for STMicroelectronics.X-CUBE-IPS.3.0.0
2025-02-19 18:37:24,901 [WARN] ConditionMgr:438 - getConditionDescription Invalid condition id : UX DEVICE CLASS RTOS Condition cause : null
2025-02-19 18:37:24,902 [WARN] ConditionMgr:438 - getConditionDescription Invalid condition id : UX DEVICE CLASS RTOS Condition cause : null
2025-02-19 18:37:24,905 [WARN] PackLoader:240 - Cannot read IP mode file for STMicroelectronics.X-CUBE-AZRTOS-WB.2.0.0
2025-02-19 18:37:24,906 [WARN] ConditionMgr:1039 - genDependencies : Invalid condition id : UX DEVICE CLASS RTOS Condition cause : null
2025-02-19 18:37:24,906 [WARN] ConditionMgr:1039 - genDependencies : Invalid condition id : UX DEVICE CLASS RTOS Condition cause : null
2025-02-19 18:37:24,907 [WARN] ConditionMgr:1039 - genDependencies : Invalid condition id : UX DEVICE CLASS RTOS Condition cause : null
2025-02-19 18:37:24,909 [WARN] ConditionMgr:1039 - genDependencies : Invalid condition id : UX DEVICE CLASS RTOS Condition cause : null
2025-02-19 18:37:24,909 [WARN] ConditionMgr:1039 - genDependencies : Invalid condition id : UX DEVICE CLASS RTOS Condition cause : null
2025-02-19 18:37:24,932 [WARN] PackLoader:240 - Cannot read IP mode file for STMicroelectronics.X-CUBE-GNSS1.7.0.0
2025-02-19 18:37:24,954 [WARN] PackLoader:240 - Cannot read IP mode file for STMicroelectronics.X-CUBE-GNSS1.7.0.1
2025-02-19 18:37:24,977 [WARN] PackLoader:240 - Cannot read IP mode file for STMicroelectronics.FP-SNS-STBOX1.2.0.0
2025-02-19 18:37:25,009 [WARN] PackLoader:240 - Cannot read IP mode file for STMicroelectronics.X-CUBE-SUBG2.5.0.0
2025-02-19 18:37:25,030 [WARN] PackLoader:240 - Cannot read IP mode file for Cesanta.I-CUBE-Mongoose.7.13.0
2025-02-19 18:37:25,064 [WARN] PackLoader:240 - Cannot read IP mode file for STMicroelectronics.X-CUBE-AZRTOS-G4.2.0.0
2025-02-19 18:37:25,093 [WARN] PackLoader:240 - Cannot read IP mode file for STMicroelectronics.X-CUBE-ISPU.2.0.0
2025-02-19 18:37:25,117 [ERROR] Engine:466 - C:\Users\Dan Balan\.stm32cubemx\thirdparties\pdsc\STMicroelectronics.X-CUBE-IPS.3.1.0.pdsc: PDSC version is not supported
2025-02-19 18:37:25,144 [WARN] PackLoader:240 - Cannot read IP mode file for STMicroelectronics.X-CUBE-ALS.1.0.2
2025-02-19 18:37:25,171 [WARN] PackLoader:240 - Cannot read IP mode file for STMicroelectronics.X-CUBE-TOUCHGFX.4.24.0
2025-02-19 18:37:25,189 [WARN] PackLoader:240 - Cannot read IP mode file for STMicroelectronics.X-CUBE-TOUCHGFX.4.24.2
2025-02-19 18:37:25,211 [WARN] PackLoader:240 - Cannot read IP mode file for STMicroelectronics.X-CUBE-TOUCHGFX.4.24.1
2025-02-19 18:37:25,230 [WARN] PackLoader:240 - Cannot read IP mode file for wolfSSL.I-CUBE-wolfTPM.3.4.0
2025-02-19 18:37:25,248 [WARN] PackLoader:240 - Cannot read IP mode file for portGmbH.I-Cube-SoM-uGOAL.1.1.0
2025-02-19 18:37:25,280 [WARN] PackLoader:240 - Cannot read IP mode file for STMicroelectronics.X-CUBE-AZRTOS-H7RS.1.0.0
2025-02-19 18:37:25,298 [WARN] PackLoader:240 - Cannot read IP mode file for STMicroelectronics.FP-ATR-ASTRA1.2.0.0
2025-02-19 18:37:25,322 [WARN] PackLoader:240 - Cannot read IP mode file for STMicroelectronics.X-CUBE-TOF1.3.4.2
2025-02-19 18:37:25,361 [WARN] PackLoader:240 - Cannot read IP mode file for Infineon.AIROC-Wi-Fi-Bluetooth-STM32.1.6.1
2025-02-19 18:37:25,380 [WARN] PackLoader:240 - Cannot read IP mode file for wolfSSL.I-CUBE-wolfSSH.1.4.17
2025-02-19 18:37:25,380 [INFO] ThirdParty:978 - Integrity check success = true
2025-02-19 18:37:25,381 [INFO] IntegrityCheckThread:100 - exiting critical section [integrity check]
2025-02-19 18:37:25,381 [INFO] IntegrityCheckThread:103 - End integrity checks thread
2025-02-19 18:42:03,198 [INFO] Activator:176 - 


2025-02-19 18:42:03,200 [INFO] Activator:177 - !SESSION log4j initialized
2025-02-19 18:42:06,762 [INFO] LogOutputStream:77 - [STDOUT_REDIRECT] 
2025-02-19 18:42:07,580 [INFO] ApplicationProperties:184 - Using Application install path: C:\ST\STM32CubeIDE_1.16.0\STM32CubeIDE\plugins\com.st.stm32cube.common.mx_6.12.1.202409122256
2025-02-19 18:42:07,592 [INFO] DbMcusXml:78 - Set database path to: C:\ST\STM32CubeIDE_1.16.0\STM32CubeIDE\plugins\com.st.stm32cube.common.mx_6.12.1.202409122256\\db\/mcu/
2025-02-19 18:42:07,592 [INFO] ApiDb:274 - Set plugin database path to: C:\ST\STM32CubeIDE_1.16.0\STM32CubeIDE\plugins\com.st.stm32cube.common.mx_6.12.1.202409122256\\db\/plugins/boardmanager/
2025-02-19 18:42:07,592 [WARN] ApiDb:259 - Overriding images path with different value:  => C:\ST\STM32CubeIDE_1.16.0\STM32CubeIDE\plugins\com.st.stm32cube.common.mx_6.12.1.202409122256\\db\/plugins/mcufinder/images/
2025-02-19 18:42:07,596 [INFO] ApiDb:250 - Set database path to: C:\Users\Dan Balan\.stmcufinder\plugins\mcufinder//mcu/
2025-02-19 18:42:07,596 [INFO] DbMcusAds:125 - Set database path to: C:\Users\Dan Balan\.stmcufinder\plugins\mcufinder//mcu/
2025-02-19 18:42:07,598 [INFO] CrossReferenceDbSqlite:203 - Set database path to: C:\Users\Dan Balan\.stmcufinder\plugins\mcufinder//mcu/cs/
2025-02-19 18:42:07,675 [INFO] RulesReader:64 - Compatibility file has been processed (297 Rules)
2025-02-19 18:42:07,750 [INFO] DbMcusXml:78 - Set database path to: C:\ST\STM32CubeIDE_1.16.0\STM32CubeIDE\plugins\com.st.stm32cube.common.mx_6.12.1.202409122256\\db\/mcu/
2025-02-19 18:42:07,751 [INFO] ApiDb:274 - Set plugin database path to: C:\ST\STM32CubeIDE_1.16.0\STM32CubeIDE\plugins\com.st.stm32cube.common.mx_6.12.1.202409122256\\db\/plugins/boardmanager/
2025-02-19 18:42:07,751 [INFO] ApiDb:261 - Set plugin images path to: C:\ST\STM32CubeIDE_1.16.0\STM32CubeIDE\plugins\com.st.stm32cube.common.mx_6.12.1.202409122256\\db\/plugins/mcufinder/images/
2025-02-19 18:42:07,751 [WARN] DbFile:41 - Overriding database path with different value: C:\Users\Dan Balan\.stmcufinder\plugins\mcufinder/ => C:\Users\Dan Balan\.stmcufinder\plugins\mcufinder
2025-02-19 18:42:07,751 [INFO] ApiDb:250 - Set database path to: C:\Users\Dan Balan\.stmcufinder\plugins\mcufinder//mcu/
2025-02-19 18:42:07,751 [WARN] DbFile:41 - Overriding database path with different value: C:\Users\Dan Balan\.stmcufinder\plugins\mcufinder/ => C:\Users\Dan Balan\.stmcufinder\plugins\mcufinder
2025-02-19 18:42:07,751 [INFO] DbMcusAds:125 - Set database path to: C:\Users\Dan Balan\.stmcufinder\plugins\mcufinder//mcu/
2025-02-19 18:42:07,751 [WARN] DbFile:41 - Overriding database path with different value: C:\Users\Dan Balan\.stmcufinder\plugins\mcufinder/ => C:\Users\Dan Balan\.stmcufinder\plugins\mcufinder
2025-02-19 18:42:07,751 [WARN] DbFile:41 - Overriding database path with different value: C:\Users\Dan Balan\.stmcufinder\plugins\mcufinder/ => C:\Users\Dan Balan\.stmcufinder\plugins\mcufinder
2025-02-19 18:42:07,751 [INFO] CrossReferenceDbSqlite:203 - Set database path to: C:\Users\Dan Balan\.stmcufinder\plugins\mcufinder//mcu/cs/
2025-02-19 18:42:07,810 [INFO] MainPanel:268 - HeapMemory: 268435456
2025-02-19 18:42:07,888 [INFO] DbMcusXml:78 - Set database path to: C:\ST\STM32CubeIDE_1.16.0\STM32CubeIDE\plugins\com.st.stm32cube.common.mx_6.12.1.202409122256\\db\/mcu/
2025-02-19 18:42:07,888 [INFO] ApiDb:274 - Set plugin database path to: C:\ST\STM32CubeIDE_1.16.0\STM32CubeIDE\plugins\com.st.stm32cube.common.mx_6.12.1.202409122256\\db\/plugins/boardmanager/
2025-02-19 18:42:07,888 [INFO] ApiDb:261 - Set plugin images path to: C:\ST\STM32CubeIDE_1.16.0\STM32CubeIDE\plugins\com.st.stm32cube.common.mx_6.12.1.202409122256\\db\/plugins/mcufinder/images/
2025-02-19 18:42:07,889 [WARN] DbFile:41 - Overriding database path with different value: C:\Users\Dan Balan\.stmcufinder\plugins\mcufinder/ => C:\Users\Dan Balan\.stmcufinder\plugins\mcufinder
2025-02-19 18:42:07,889 [INFO] ApiDb:250 - Set database path to: C:\Users\Dan Balan\.stmcufinder\plugins\mcufinder//mcu/
2025-02-19 18:42:07,889 [WARN] DbFile:41 - Overriding database path with different value: C:\Users\Dan Balan\.stmcufinder\plugins\mcufinder/ => C:\Users\Dan Balan\.stmcufinder\plugins\mcufinder
2025-02-19 18:42:07,889 [INFO] DbMcusAds:125 - Set database path to: C:\Users\Dan Balan\.stmcufinder\plugins\mcufinder//mcu/
2025-02-19 18:42:07,889 [WARN] DbFile:41 - Overriding database path with different value: C:\Users\Dan Balan\.stmcufinder\plugins\mcufinder/ => C:\Users\Dan Balan\.stmcufinder\plugins\mcufinder
2025-02-19 18:42:07,889 [WARN] DbFile:41 - Overriding database path with different value: C:\Users\Dan Balan\.stmcufinder\plugins\mcufinder/ => C:\Users\Dan Balan\.stmcufinder\plugins\mcufinder
2025-02-19 18:42:07,889 [INFO] CrossReferenceDbSqlite:203 - Set database path to: C:\Users\Dan Balan\.stmcufinder\plugins\mcufinder//mcu/cs/
2025-02-19 18:42:07,902 [INFO] ApplicationProperties:184 - Using Application install path: C:\ST\STM32CubeIDE_1.16.0\STM32CubeIDE\plugins\com.st.stm32cube.common.mx_6.12.1.202409122256
2025-02-19 18:42:07,903 [INFO] PluginManage:196 - Search for loadable plugins [exclusion list=, ]
2025-02-19 18:42:07,904 [INFO] PluginManage:310 - Check plugin analytics
2025-02-19 18:42:08,032 [INFO] AnalyticsPlugin:253 - Accepted Software Licenses: STM32CubeMX.6.12.0,STM32CubeMX.6.12.1
2025-02-19 18:42:08,032 [INFO] AnalyticsPlugin:255 - Accepted CMSIS Pack Licenses: 
2025-02-19 18:42:08,032 [INFO] AnalyticsPlugin:257 - Accepted Firmware Licenses: FW.F4.1.28.0
2025-02-19 18:42:08,034 [INFO] PluginManage:359 - Loaded plugin analytics (category:tool,tabindex:-1)
2025-02-19 18:42:08,034 [INFO] PluginManage:310 - Check plugin cadmodel
2025-02-19 18:42:08,039 [INFO] CADModel:105 - Init CAD model plugin
2025-02-19 18:42:08,039 [INFO] PluginManage:359 - Loaded plugin cadmodel (category:power,tabindex:5)
2025-02-19 18:42:08,039 [INFO] PluginManage:310 - Check plugin clock
2025-02-19 18:42:08,047 [INFO] PluginManage:359 - Loaded plugin clock (category:base,tabindex:2)
2025-02-19 18:42:08,047 [INFO] PluginManage:310 - Check plugin ddr
2025-02-19 18:42:08,048 [INFO] PluginManage:359 - Loaded plugin ddr (category:tool,tabindex:6)
2025-02-19 18:42:08,049 [INFO] PluginManage:310 - Check plugin filemanager
2025-02-19 18:42:08,168 [INFO] PluginManage:359 - Loaded plugin filemanager (category:base,tabindex:10)
2025-02-19 18:42:08,168 [INFO] PluginManage:310 - Check plugin ipmanager
2025-02-19 18:42:08,174 [INFO] PluginManage:359 - Loaded plugin ipmanager (category:base,tabindex:5)
2025-02-19 18:42:08,174 [INFO] PluginManage:310 - Check plugin lpbam
2025-02-19 18:42:08,182 [INFO] PluginManage:359 - Loaded plugin lpbam (category:base,tabindex:0)
2025-02-19 18:42:08,182 [INFO] PluginManage:310 - Check plugin memorymap
2025-02-19 18:42:08,191 [INFO] PluginManage:359 - Loaded plugin memorymap (category:base,tabindex:4)
2025-02-19 18:42:08,192 [INFO] PluginManage:310 - Check plugin pinoutandconfiguration
2025-02-19 18:42:08,197 [INFO] PluginManage:359 - Loaded plugin pinoutandconfiguration (category:base,tabindex:1)
2025-02-19 18:42:08,197 [INFO] PluginManage:310 - Check plugin pinoutconfig
2025-02-19 18:42:08,257 [WARN] SupportedApi:132 - Cannot load RTOS API schema: s4s-elt-must-match.1: The content of 'definitions' must match (annotation?, (simpleType | complexType)?, (unique | key | keyref)*)). A problem was found starting at: attribute.
2025-02-19 18:42:08,347 [INFO] PluginManage:359 - Loaded plugin pinoutconfig (category:base,tabindex:0)
2025-02-19 18:42:08,347 [INFO] PluginManage:310 - Check plugin power
2025-02-19 18:42:08,352 [INFO] PluginManage:359 - Loaded plugin power (category:power,tabindex:4)
2025-02-19 18:42:08,352 [INFO] PluginManage:310 - Check plugin projectmanager
2025-02-19 18:42:08,366 [INFO] PluginManage:359 - Loaded plugin projectmanager (category:projectmanager,tabindex:4)
2025-02-19 18:42:08,366 [INFO] PluginManage:310 - Check plugin rif
2025-02-19 18:42:08,370 [INFO] PluginManage:359 - Loaded plugin rif (category:base,tabindex:3)
2025-02-19 18:42:08,370 [INFO] PluginManage:310 - Check plugin thirdparty
2025-02-19 18:42:08,455 [INFO] PluginManage:359 - Loaded plugin thirdparty (category:base,tabindex:-1)
2025-02-19 18:42:08,455 [INFO] PluginManage:310 - Check plugin tools
2025-02-19 18:42:08,455 [WARN] IntegrityCheckThread:84 - waiting for thirdparty lock release [integrity check]
2025-02-19 18:42:08,455 [INFO] IntegrityCheckThread:86 - entering critical section [integrity check]
2025-02-19 18:42:08,455 [INFO] ThirdPartyUpdaterWithRetryManager:70 - Updater plugin not ready yet. [1/15]
2025-02-19 18:42:08,457 [INFO] PluginManage:359 - Loaded plugin tools (category:base,tabindex:7)
2025-02-19 18:42:08,457 [INFO] PluginManage:310 - Check plugin tutovideos
2025-02-19 18:42:08,584 [INFO] PluginManage:359 - Loaded plugin tutovideos (category:base,tabindex:-1)
2025-02-19 18:42:08,584 [INFO] PluginManage:310 - Check plugin updater
2025-02-19 18:42:08,596 [INFO] PluginManage:359 - Loaded plugin updater (category:base,tabindex:12)
2025-02-19 18:42:08,597 [INFO] PluginManage:310 - Check plugin userauth
2025-02-19 18:42:08,600 [INFO] UserAuth:113 - Init User Auth plugin
2025-02-19 18:42:08,601 [INFO] PluginManage:359 - Loaded plugin userauth (category:base,tabindex:14)
2025-02-19 18:42:08,601 [INFO] PluginManage:283 - PluginManage : Loaded plugins [18]
2025-02-19 18:42:08,753 [INFO] PinOutPanel:1561 - setPackage(No Configuration,No Configuration)
2025-02-19 18:42:08,829 [INFO] CADModel:165 - CPN selected for project level
2025-02-19 18:42:08,829 [INFO] CADModel:114 - Register for checkConnection events
2025-02-19 18:42:08,841 [INFO] IPUIPlugin:80 - create IPUIPlugin
2025-02-19 18:42:08,841 [INFO] PluginManager:220 - loadIPPluginJar : add adc
2025-02-19 18:42:08,843 [INFO] IPUIPlugin:80 - create IPUIPlugin
2025-02-19 18:42:08,843 [INFO] PluginManager:220 - loadIPPluginJar : add aes
2025-02-19 18:42:08,845 [INFO] IPUIPlugin:80 - create IPUIPlugin
2025-02-19 18:42:08,845 [INFO] PluginManager:220 - loadIPPluginJar : add can
2025-02-19 18:42:08,846 [INFO] IPUIPlugin:80 - create IPUIPlugin
2025-02-19 18:42:08,846 [INFO] PluginManager:220 - loadIPPluginJar : add comp
2025-02-19 18:42:08,848 [INFO] IPUIPlugin:80 - create IPUIPlugin
2025-02-19 18:42:08,848 [INFO] PluginManager:220 - loadIPPluginJar : add cryp
2025-02-19 18:42:08,849 [INFO] IPUIPlugin:80 - create IPUIPlugin
2025-02-19 18:42:08,849 [INFO] PluginManager:220 - loadIPPluginJar : add ddr_ctrl_phy
2025-02-19 18:42:08,852 [INFO] IPUIPlugin:80 - create IPUIPlugin
2025-02-19 18:42:08,852 [INFO] PluginManager:220 - loadIPPluginJar : add dfsdm
2025-02-19 18:42:08,856 [INFO] IPUIPlugin:80 - create IPUIPlugin
2025-02-19 18:42:08,856 [INFO] PluginManager:220 - loadIPPluginJar : add dma
2025-02-19 18:42:08,858 [INFO] IPUIPlugin:80 - create IPUIPlugin
2025-02-19 18:42:08,858 [INFO] PluginManager:220 - loadIPPluginJar : add dma3
2025-02-19 18:42:08,860 [INFO] IPUIPlugin:80 - create IPUIPlugin
2025-02-19 18:42:08,860 [INFO] PluginManager:220 - loadIPPluginJar : add extmemmanager
2025-02-19 18:42:08,861 [INFO] IPUIPlugin:80 - create IPUIPlugin
2025-02-19 18:42:08,861 [INFO] PluginManager:220 - loadIPPluginJar : add fatfs
2025-02-19 18:42:08,864 [INFO] IPUIPlugin:80 - create IPUIPlugin
2025-02-19 18:42:08,864 [INFO] PluginManager:220 - loadIPPluginJar : add fmc
2025-02-19 18:42:08,869 [INFO] IPUIPlugin:80 - create IPUIPlugin
2025-02-19 18:42:08,870 [INFO] PluginManager:220 - loadIPPluginJar : add freertos
2025-02-19 18:42:08,871 [INFO] IPUIPlugin:80 - create IPUIPlugin
2025-02-19 18:42:08,871 [INFO] PluginManager:220 - loadIPPluginJar : add genericplugin
2025-02-19 18:42:08,872 [INFO] IPUIPlugin:80 - create IPUIPlugin
2025-02-19 18:42:08,872 [INFO] PluginManager:220 - loadIPPluginJar : add gfxmmu
2025-02-19 18:42:08,877 [INFO] IPUIPlugin:80 - create IPUIPlugin
2025-02-19 18:42:08,877 [INFO] PluginManager:220 - loadIPPluginJar : add gic
2025-02-19 18:42:08,880 [INFO] IPUIPlugin:80 - create IPUIPlugin
2025-02-19 18:42:08,880 [INFO] PluginManager:220 - loadIPPluginJar : add gpio
2025-02-19 18:42:08,882 [INFO] IPUIPlugin:80 - create IPUIPlugin
2025-02-19 18:42:08,882 [INFO] PluginManager:220 - loadIPPluginJar : add gtzc
2025-02-19 18:42:08,883 [INFO] IPUIPlugin:80 - create IPUIPlugin
2025-02-19 18:42:08,884 [INFO] PluginManager:220 - loadIPPluginJar : add hash
2025-02-19 18:42:08,885 [INFO] IPUIPlugin:80 - create IPUIPlugin
2025-02-19 18:42:08,885 [INFO] PluginManager:220 - loadIPPluginJar : add i2c
2025-02-19 18:42:08,887 [INFO] IPUIPlugin:80 - create IPUIPlugin
2025-02-19 18:42:08,887 [INFO] PluginManager:220 - loadIPPluginJar : add i2s
2025-02-19 18:42:08,889 [INFO] IPUIPlugin:80 - create IPUIPlugin
2025-02-19 18:42:08,889 [INFO] PluginManager:220 - loadIPPluginJar : add i3c
2025-02-19 18:42:08,892 [INFO] IPUIPlugin:80 - create IPUIPlugin
2025-02-19 18:42:08,892 [INFO] PluginManager:220 - loadIPPluginJar : add ipddr
2025-02-19 18:42:08,897 [INFO] IPUIPlugin:80 - create IPUIPlugin
2025-02-19 18:42:08,897 [INFO] PluginManager:220 - loadIPPluginJar : add linkedlist
2025-02-19 18:42:08,899 [INFO] IPUIPlugin:80 - create IPUIPlugin
2025-02-19 18:42:08,899 [INFO] PluginManager:220 - loadIPPluginJar : add lorawan
2025-02-19 18:42:08,900 [INFO] IPUIPlugin:80 - create IPUIPlugin
2025-02-19 18:42:08,900 [INFO] PluginManager:220 - loadIPPluginJar : add ltdc
2025-02-19 18:42:08,905 [INFO] IPUIPlugin:80 - create IPUIPlugin
2025-02-19 18:42:08,905 [INFO] PluginManager:220 - loadIPPluginJar : add mdma
2025-02-19 18:42:08,908 [INFO] IPUIPlugin:80 - create IPUIPlugin
2025-02-19 18:42:08,908 [INFO] PluginManager:220 - loadIPPluginJar : add nvic
2025-02-19 18:42:08,910 [INFO] IPUIPlugin:80 - create IPUIPlugin
2025-02-19 18:42:08,910 [INFO] PluginManager:220 - loadIPPluginJar : add opamp
2025-02-19 18:42:08,913 [INFO] IPUIPlugin:80 - create IPUIPlugin
2025-02-19 18:42:08,913 [INFO] PluginManager:220 - loadIPPluginJar : add openamp
2025-02-19 18:42:08,915 [INFO] IPUIPlugin:80 - create IPUIPlugin
2025-02-19 18:42:08,915 [INFO] PluginManager:220 - loadIPPluginJar : add pdm2pcm
2025-02-19 18:42:08,919 [INFO] IPUIPlugin:80 - create IPUIPlugin
2025-02-19 18:42:08,921 [INFO] PluginManager:220 - loadIPPluginJar : add plateformsettings
2025-02-19 18:42:08,922 [INFO] IPUIPlugin:80 - create IPUIPlugin
2025-02-19 18:42:08,922 [INFO] PluginManager:220 - loadIPPluginJar : add quadspi
2025-02-19 18:42:08,923 [INFO] IPUIPlugin:80 - create IPUIPlugin
2025-02-19 18:42:08,925 [INFO] PluginManager:220 - loadIPPluginJar : add radio
2025-02-19 18:42:08,927 [INFO] IPUIPlugin:80 - create IPUIPlugin
2025-02-19 18:42:08,927 [INFO] PluginManager:220 - loadIPPluginJar : add resmgrutility
2025-02-19 18:42:08,929 [INFO] IPUIPlugin:80 - create IPUIPlugin
2025-02-19 18:42:08,929 [INFO] PluginManager:220 - loadIPPluginJar : add sai
2025-02-19 18:42:08,930 [INFO] IPUIPlugin:80 - create IPUIPlugin
2025-02-19 18:42:08,930 [INFO] PluginManager:220 - loadIPPluginJar : add spi
2025-02-19 18:42:08,934 [INFO] IPUIPlugin:80 - create IPUIPlugin
2025-02-19 18:42:08,934 [INFO] PluginManager:220 - loadIPPluginJar : add stm32_wpan
2025-02-19 18:42:08,935 [INFO] IPUIPlugin:80 - create IPUIPlugin
2025-02-19 18:42:08,935 [INFO] PluginManager:220 - loadIPPluginJar : add tim
2025-02-19 18:42:08,937 [INFO] IPUIPlugin:80 - create IPUIPlugin
2025-02-19 18:42:08,937 [INFO] PluginManager:220 - loadIPPluginJar : add touchsensing
2025-02-19 18:42:08,938 [INFO] IPUIPlugin:80 - create IPUIPlugin
2025-02-19 18:42:08,938 [INFO] PluginManager:220 - loadIPPluginJar : add tracer_emb
2025-02-19 18:42:08,939 [INFO] IPUIPlugin:80 - create IPUIPlugin
2025-02-19 18:42:08,939 [INFO] PluginManager:220 - loadIPPluginJar : add ts
2025-02-19 18:42:08,940 [INFO] IPUIPlugin:80 - create IPUIPlugin
2025-02-19 18:42:08,940 [INFO] PluginManager:220 - loadIPPluginJar : add tsc
2025-02-19 18:42:08,941 [INFO] IPUIPlugin:80 - create IPUIPlugin
2025-02-19 18:42:08,941 [INFO] PluginManager:220 - loadIPPluginJar : add ucpd
2025-02-19 18:42:08,944 [INFO] IPUIPlugin:80 - create IPUIPlugin
2025-02-19 18:42:08,944 [INFO] PluginManager:220 - loadIPPluginJar : add usart
2025-02-19 18:42:08,945 [INFO] IPUIPlugin:80 - create IPUIPlugin
2025-02-19 18:42:08,945 [INFO] PluginManager:220 - loadIPPluginJar : add usbx
2025-02-19 18:42:09,058 [INFO] CADModel:165 - CPN selected for project level
2025-02-19 18:42:09,058 [INFO] CADModel:114 - Register for checkConnection events
2025-02-19 18:42:09,058 [FATAL] Updater:334 - Updater called before beeing initialized
2025-02-19 18:42:09,059 [ERROR] CADModel:125 - Updater not yet initialized, retry later 
2025-02-19 18:42:09,158 [INFO] CADModel:165 - CPN selected for project level
2025-02-19 18:42:09,158 [INFO] CADModel:114 - Register for checkConnection events
2025-02-19 18:42:09,158 [FATAL] Updater:334 - Updater called before beeing initialized
2025-02-19 18:42:09,158 [ERROR] CADModel:125 - Updater not yet initialized, retry later 
2025-02-19 18:42:09,161 [FATAL] Updater:334 - Updater called before beeing initialized
2025-02-19 18:42:09,240 [FATAL] Updater:334 - Updater called before beeing initialized
2025-02-19 18:42:09,244 [INFO] DbMcusAds:53 - JSON generation date=Tue Dec 17 18:01:15 EET 2024 (1734451275111)
2025-02-19 18:42:09,244 [FATAL] Updater:334 - Updater called before beeing initialized
2025-02-19 18:42:09,270 [WARN] DetailPanel:346 - Failed to get advertising image, set to default
2025-02-19 18:42:09,345 [FATAL] Updater:334 - Updater called before beeing initialized
2025-02-19 18:42:09,347 [FATAL] Updater:334 - Updater called before beeing initialized
2025-02-19 18:42:09,347 [FATAL] Updater:334 - Updater called before beeing initialized
2025-02-19 18:42:09,347 [WARN] DetailPanel:346 - Failed to get advertising image, set to default
2025-02-19 18:42:09,348 [FATAL] Updater:334 - Updater called before beeing initialized
2025-02-19 18:42:09,383 [ERROR] Updater:1164 - MainUpdater not yet initialized. External WinMGr cannot be set.
2025-02-19 18:42:09,386 [INFO] Updater:1100 - Updater Version found : 6.12.1
2025-02-19 18:42:09,399 [INFO] ApplicationProperties:184 - Using Application install path: C:\ST\STM32CubeIDE_1.16.0\STM32CubeIDE\plugins\com.st.stm32cube.common.mx_6.12.1.202409122256
2025-02-19 18:42:10,995 [ERROR] LogOutputStream:75 - [STDERR_REDIRECT] Feb 19, 2025 6:42:10 PM java.util.prefs.WindowsPreferences <init>
2025-02-19 18:42:10,996 [ERROR] LogOutputStream:75 - [STDERR_REDIRECT] WARNING: Could not open/create prefs root node Software\JavaSoft\Prefs at root 0xffffffff80000002. Windows RegCreateKeyEx(...) returned error code 5.
2025-02-19 18:42:10,997 [ERROR] LogOutputStream:75 - [STDERR_REDIRECT] 
2025-02-19 18:42:11,302 [INFO] MainUpdater:2873 - connection check result : 10
2025-02-19 18:42:11,303 [INFO] MainUpdater:290 - Updater Check For Update Now.
2025-02-19 18:42:11,303 [INFO] MicroXplorer:498 - Change Database Version : DB.6.0.121
2025-02-19 18:42:11,308 [INFO] McuFinderGlobals:63 - Set McuFinder mode to 2 (CubeIDE integrated)
2025-02-19 18:42:11,308 [INFO] UserAuth:417 - Internet connection configuration mode: 1
2025-02-19 18:42:11,319 [INFO] JxBrowserEngine:152 - Initiate JxBrowser Engine with user profile folder
2025-02-19 18:42:11,470 [WARN] MainUpdater:1194 - Updater busy. Cannot search thirdparties
2025-02-19 18:42:11,471 [INFO] ThirdPartyUpdaterWithRetryManager:96 - Updater plugin is busy. [1/15]
2025-02-19 18:42:11,488 [INFO] CheckServerUpdateThread:120 - End of CheckServer Thread
2025-02-19 18:42:11,812 [INFO] WebApp:167 - Instantiating new browser for Auth
2025-02-19 18:42:12,414 [INFO] WebApp:448 - Apply proxy settings
2025-02-19 18:42:12,414 [INFO] WebApp:533 - Chromium requires no authentication
2025-02-19 18:42:12,423 [INFO] WebApp:476 - Direct internet connection detected
2025-02-19 18:42:12,446 [INFO] WebApp:869 - Register for checkConnection events
2025-02-19 18:42:12,447 [INFO] WebApp:448 - Apply proxy settings
2025-02-19 18:42:12,447 [INFO] WebApp:533 - Chromium requires no authentication
2025-02-19 18:42:12,447 [INFO] WebApp:476 - Direct internet connection detected
2025-02-19 18:42:12,578 [INFO] WebApp:220 - Starting web application
2025-02-19 18:42:12,578 [INFO] WebApp:578 - Web application path used C:\ST\STM32CubeIDE_1.16.0\STM32CubeIDE\plugins\com.st.stm32cube.common.mx_6.12.1.202409122256\db\plugins\mcufinder\reactClient1\index.html
2025-02-19 18:42:12,651 [INFO] UserAuth:417 - Internet connection configuration mode: 1
2025-02-19 18:42:12,800 [INFO] WebApp:186 - Connection restablished
2025-02-19 18:42:14,615 [WARN] PackLoader:240 - Cannot read IP mode file for STMicroelectronics.FP-SNS-MOTENVWB1.1.4.0
2025-02-19 18:42:14,622 [WARN] PackLoader:240 - Cannot read IP mode file for STMicroelectronics.FP-ATR-ASTRA1.2.0.1
2025-02-19 18:42:14,630 [WARN] PackLoader:240 - Cannot read IP mode file for STMicroelectronics.X-CUBE-SMBUS.2.1.0
2025-02-19 18:42:14,636 [WARN] PackLoader:240 - Cannot read IP mode file for STMicroelectronics.X-CUBE-WB05N.1.1.0
2025-02-19 18:42:14,660 [WARN] PackLoader:240 - Cannot read IP mode file for STMicroelectronics.X-CUBE-AZRTOS-F7.1.1.0
2025-02-19 18:42:14,718 [WARN] PackLoader:240 - Cannot read IP mode file for STMicroelectronics.X-CUBE-MEMS1.11.0.0
2025-02-19 18:42:14,883 [WARN] PackLoader:240 - Cannot read IP mode file for STMicroelectronics.FP-SNS-FLIGHT1.5.0.2
2025-02-19 18:42:14,890 [WARN] PackLoader:240 - Cannot read IP mode file for STMicroelectronics.X-CUBE-DISPLAY.3.0.0
2025-02-19 18:42:14,897 [WARN] PackLoader:240 - Cannot read IP mode file for STMicroelectronics.X-CUBE-BLE1.7.0.0
2025-02-19 18:42:14,903 [WARN] PackLoader:240 - Cannot read IP mode file for STMicroelectronics.X-CUBE-NFC10.1.0.0
2025-02-19 18:42:14,912 [WARN] PackLoader:240 - Cannot read IP mode file for STMicroelectronics.X-CUBE-BLEMGR.4.0.0
2025-02-19 18:42:14,920 [WARN] PackLoader:240 - Cannot read IP mode file for emotas.I-CUBE-CANOPEN.1.3.0
2025-02-19 18:42:14,927 [WARN] PackLoader:240 - Cannot read IP mode file for STMicroelectronics.X-CUBE-BLEMGR.3.1.0
2025-02-19 18:42:14,932 [WARN] PackLoader:240 - Cannot read IP mode file for STMicroelectronics.X-CUBE-AI.10.0.0
2025-02-19 18:42:14,936 [WARN] PackLoader:240 - Cannot read IP mode file for STMicroelectronics.FP-SNS-SMARTAG2.1.2.0
2025-02-19 18:42:14,981 [WARN] PackLoader:240 - Cannot read IP mode file for STMicroelectronics.X-CUBE-MEMS1.11.1.0
2025-02-19 18:42:15,072 [INFO] LogOutputStream:77 - [STDOUT_REDIRECT] 1 : Invalid condition id : UX_CORESTACK_Condition cause : null
2025-02-19 18:42:15,072 [INFO] LogOutputStream:77 - [STDOUT_REDIRECT] 1 : Invalid condition id : UX_CORESTACK_Condition cause : null
2025-02-19 18:42:15,073 [INFO] LogOutputStream:77 - [STDOUT_REDIRECT] 1 : Invalid condition id : UX_CORESTACK_Condition cause : null
2025-02-19 18:42:15,073 [INFO] LogOutputStream:77 - [STDOUT_REDIRECT] 1 : Invalid condition id : UX_CORESTACK_Condition cause : null
2025-02-19 18:42:15,075 [INFO] LogOutputStream:77 - [STDOUT_REDIRECT] 1 : Invalid condition id : UX_CORESTACK_Condition cause : null
2025-02-19 18:42:15,077 [WARN] PackLoader:240 - Cannot read IP mode file for STMicroelectronics.X-CUBE-AZRTOS-WL.2.0.0
2025-02-19 18:42:15,082 [WARN] PackLoader:240 - Cannot read IP mode file for STMicroelectronics.FP-SNS-MOTENV1.5.0.0
2025-02-19 18:42:15,084 [WARN] PackLoader:240 - Cannot read IP mode file for wolfSSL.I-CUBE-wolfMQTT.1.19.0
2025-02-19 18:42:15,090 [WARN] PackLoader:240 - Cannot read IP mode file for WES.I-CUBE-Cesium.1.3.0
2025-02-19 18:42:15,094 [WARN] PackLoader:240 - Cannot read IP mode file for STMicroelectronics.X-CUBE-BLE2.3.3.0
2025-02-19 18:42:15,098 [WARN] PackLoader:240 - Cannot read IP mode file for STMicroelectronics.X-CUBE-NFC9.1.0.0
2025-02-19 18:42:15,103 [WARN] PackLoader:240 - Cannot read IP mode file for STMicroelectronics.X-CUBE-TCPP.4.1.0
2025-02-19 18:42:15,115 [WARN] PackLoader:240 - Cannot read IP mode file for STMicroelectronics.X-CUBE-AZRTOS-G0.1.1.0
2025-02-19 18:42:15,122 [WARN] PackLoader:240 - Cannot read IP mode file for STMicroelectronics.X-CUBE-SAFEA1.1.2.2
2025-02-19 18:42:15,129 [WARN] PackLoader:240 - Cannot read IP mode file for STMicroelectronics.X-CUBE-NFC4.3.0.0
2025-02-19 18:42:15,136 [WARN] PackLoader:240 - Cannot read IP mode file for EmbeddedOffice.I-CUBE-FS-RTOS.1.0.1
2025-02-19 18:42:15,136 [ERROR] ConditionMgr:805 - Attr not supported : Dmpu
2025-02-19 18:42:15,136 [ERROR] ConditionMgr:805 - Attr not supported : Dmpu
2025-02-19 18:42:15,138 [ERROR] ConditionMgr:805 - Attr not supported : Dmpu
2025-02-19 18:42:15,138 [ERROR] ConditionMgr:805 - Attr not supported : Dmpu
2025-02-19 18:42:15,138 [ERROR] ConditionMgr:805 - Attr not supported : Dmpu
2025-02-19 18:42:15,138 [ERROR] ConditionMgr:805 - Attr not supported : Dmpu
2025-02-19 18:42:15,138 [ERROR] ConditionMgr:805 - Attr not supported : Dmpu
2025-02-19 18:42:15,138 [ERROR] ConditionMgr:805 - Attr not supported : Dmpu
2025-02-19 18:42:15,138 [ERROR] ConditionMgr:805 - Attr not supported : Dmpu
2025-02-19 18:42:15,138 [ERROR] ConditionMgr:805 - Attr not supported : Dmpu
2025-02-19 18:42:15,138 [ERROR] ConditionMgr:805 - Attr not supported : Dmpu
2025-02-19 18:42:15,138 [ERROR] ConditionMgr:805 - Attr not supported : Dmpu
2025-02-19 18:42:15,138 [ERROR] ConditionMgr:805 - Attr not supported : Dmpu
2025-02-19 18:42:15,138 [ERROR] ConditionMgr:805 - Attr not supported : Dmpu
2025-02-19 18:42:15,138 [ERROR] ConditionMgr:805 - Attr not supported : Dmpu
2025-02-19 18:42:15,138 [ERROR] ConditionMgr:805 - Attr not supported : Dmpu
2025-02-19 18:42:15,138 [ERROR] ConditionMgr:805 - Attr not supported : Dmpu
2025-02-19 18:42:15,138 [ERROR] ConditionMgr:805 - Attr not supported : Dmpu
2025-02-19 18:42:15,138 [ERROR] ConditionMgr:805 - Attr not supported : Dmpu
2025-02-19 18:42:15,138 [ERROR] ConditionMgr:805 - Attr not supported : Dmpu
2025-02-19 18:42:15,138 [ERROR] ConditionMgr:805 - Attr not supported : Dmpu
2025-02-19 18:42:15,138 [ERROR] ConditionMgr:805 - Attr not supported : Dmpu
2025-02-19 18:42:15,138 [ERROR] ConditionMgr:805 - Attr not supported : Dmpu
2025-02-19 18:42:15,138 [ERROR] ConditionMgr:805 - Attr not supported : Dmpu
2025-02-19 18:42:15,138 [ERROR] ConditionMgr:805 - Attr not supported : Dmpu
2025-02-19 18:42:15,138 [ERROR] ConditionMgr:805 - Attr not supported : Dmpu
2025-02-19 18:42:15,138 [ERROR] ConditionMgr:805 - Attr not supported : Dmpu
2025-02-19 18:42:15,139 [ERROR] ConditionMgr:805 - Attr not supported : Dmpu
2025-02-19 18:42:15,139 [ERROR] ConditionMgr:805 - Attr not supported : Dmpu
2025-02-19 18:42:15,139 [ERROR] ConditionMgr:805 - Attr not supported : Dmpu
2025-02-19 18:42:15,139 [ERROR] ConditionMgr:805 - Attr not supported : Dmpu
2025-02-19 18:42:15,139 [ERROR] ConditionMgr:805 - Attr not supported : Dmpu
2025-02-19 18:42:15,139 [ERROR] ConditionMgr:805 - Attr not supported : Dmpu
2025-02-19 18:42:15,139 [ERROR] ConditionMgr:805 - Attr not supported : Dmpu
2025-02-19 18:42:15,139 [ERROR] ConditionMgr:805 - Attr not supported : Dmpu
2025-02-19 18:42:15,139 [ERROR] ConditionMgr:805 - Attr not supported : Dmpu
2025-02-19 18:42:15,139 [ERROR] ConditionMgr:805 - Attr not supported : Dmpu
2025-02-19 18:42:15,139 [ERROR] ConditionMgr:805 - Attr not supported : Dmpu
2025-02-19 18:42:15,139 [ERROR] ConditionMgr:805 - Attr not supported : Dmpu
2025-02-19 18:42:15,139 [ERROR] ConditionMgr:805 - Attr not supported : Dmpu
2025-02-19 18:42:15,139 [ERROR] ConditionMgr:805 - Attr not supported : Dmpu
2025-02-19 18:42:15,139 [ERROR] ConditionMgr:805 - Attr not supported : Dmpu
2025-02-19 18:42:15,139 [ERROR] ConditionMgr:805 - Attr not supported : Dmpu
2025-02-19 18:42:15,139 [ERROR] ConditionMgr:805 - Attr not supported : Dmpu
2025-02-19 18:42:15,139 [ERROR] ConditionMgr:805 - Attr not supported : Dmpu
2025-02-19 18:42:15,139 [ERROR] ConditionMgr:805 - Attr not supported : Dmpu
2025-02-19 18:42:15,139 [ERROR] ConditionMgr:805 - Attr not supported : Dmpu
2025-02-19 18:42:15,139 [ERROR] ConditionMgr:805 - Attr not supported : Dmpu
2025-02-19 18:42:15,139 [ERROR] ConditionMgr:805 - Attr not supported : Dmpu
2025-02-19 18:42:15,139 [ERROR] ConditionMgr:805 - Attr not supported : Dmpu
2025-02-19 18:42:15,139 [ERROR] ConditionMgr:805 - Attr not supported : Dmpu
2025-02-19 18:42:15,139 [ERROR] ConditionMgr:805 - Attr not supported : Dmpu
2025-02-19 18:42:15,139 [ERROR] ConditionMgr:805 - Attr not supported : Dmpu
2025-02-19 18:42:15,139 [ERROR] ConditionMgr:805 - Attr not supported : Dmpu
2025-02-19 18:42:15,139 [ERROR] ConditionMgr:805 - Attr not supported : Dmpu
2025-02-19 18:42:15,141 [ERROR] ConditionMgr:805 - Attr not supported : Dmpu
2025-02-19 18:42:15,141 [ERROR] ConditionMgr:805 - Attr not supported : Dmpu
2025-02-19 18:42:15,141 [ERROR] ConditionMgr:805 - Attr not supported : Dmpu
2025-02-19 18:42:15,141 [ERROR] ConditionMgr:805 - Attr not supported : Dmpu
2025-02-19 18:42:15,141 [ERROR] ConditionMgr:805 - Attr not supported : Dmpu
2025-02-19 18:42:15,141 [ERROR] ConditionMgr:805 - Attr not supported : Dmpu
2025-02-19 18:42:15,141 [ERROR] ConditionMgr:805 - Attr not supported : Dmpu
2025-02-19 18:42:15,141 [ERROR] ConditionMgr:805 - Attr not supported : Dmpu
2025-02-19 18:42:15,141 [ERROR] ConditionMgr:805 - Attr not supported : Dmpu
2025-02-19 18:42:15,144 [ERROR] Engine:466 - C:\Users\Dan Balan\.stm32cubemx\thirdparties\pdsc\STMicroelectronics.X-CUBE-TCPP.4.2.0.pdsc: PDSC version is not supported
2025-02-19 18:42:15,148 [WARN] PackLoader:240 - Cannot read IP mode file for RealThread.X-CUBE-RT-Thread_Nano.4.1.1
2025-02-19 18:42:15,152 [WARN] PackLoader:240 - Cannot read IP mode file for STMicroelectronics.FP-ATR-SIGFOX1.3.2.0
2025-02-19 18:42:15,155 [WARN] PackLoader:240 - Cannot read IP mode file for wolfSSL.I-CUBE-wolfSSL.5.7.2
2025-02-19 18:42:15,159 [WARN] ConditionMgr:438 - getConditionDescription Invalid condition id : Cortex-A Device cause : null
2025-02-19 18:42:15,184 [WARN] ConditionMgr:1039 - genDependencies : Invalid condition id : Cortex-A Device cause : null
2025-02-19 18:42:15,185 [WARN] ConditionMgr:1039 - genDependencies : Invalid condition id : Cortex-A Device cause : null
2025-02-19 18:42:15,185 [WARN] ConditionMgr:1039 - genDependencies : Invalid condition id : Cortex-A Device cause : null
2025-02-19 18:42:15,189 [WARN] PackLoader:240 - Cannot read IP mode file for STMicroelectronics.X-CUBE-EEPRMA1.5.1.0
2025-02-19 18:42:15,202 [WARN] PackLoader:240 - Cannot read IP mode file for ITTIA_DB.I-CUBE-ITTIADB.8.9.0
2025-02-19 18:42:15,225 [WARN] PackLoader:240 - Cannot read IP mode file for SEGGER.I-CUBE-embOS.1.3.1
2025-02-19 18:42:15,253 [WARN] PackLoader:240 - Cannot read IP mode file for STMicroelectronics.X-CUBE-ALGOBUILD.1.4.0
2025-02-19 18:42:15,256 [WARN] PackLoader:240 - Cannot read IP mode file for STMicroelectronics.X-CUBE-AI.9.1.0
2025-02-19 18:42:15,267 [WARN] PackLoader:240 - Cannot read IP mode file for STMicroelectronics.X-CUBE-AZRTOS-F4.1.1.0
2025-02-19 18:42:15,272 [WARN] PackLoader:240 - Cannot read IP mode file for STMicroelectronics.X-CUBE-ISPU.2.1.0
2025-02-19 18:42:15,276 [WARN] PackLoader:240 - Cannot read IP mode file for STMicroelectronics.X-CUBE-FREERTOS.1.2.0
2025-02-19 18:42:15,287 [WARN] PackLoader:240 - Cannot read IP mode file for STMicroelectronics.X-CUBE-AZRTOS-L5.2.0.0
2025-02-19 18:42:15,295 [WARN] PackLoader:240 - Cannot read IP mode file for STMicroelectronics.X-CUBE-NFC6.3.1.0
2025-02-19 18:42:15,299 [WARN] PackLoader:240 - Cannot read IP mode file for STMicroelectronics.X-CUBE-DPower.1.2.0
2025-02-19 18:42:15,303 [WARN] PackLoader:240 - Cannot read IP mode file for STMicroelectronics.X-CUBE-AI.9.0.0
2025-02-19 18:42:15,306 [WARN] PackLoader:240 - Cannot read IP mode file for STMicroelectronics.X-CUBE-FREERTOS.1.3.0
2025-02-19 18:42:15,310 [WARN] PackLoader:240 - Cannot read IP mode file for STMicroelectronics.X-CUBE-NFC7.1.0.1
2025-02-19 18:42:15,322 [WARN] ConditionMgr:438 - getConditionDescription Invalid condition id : LAN8742 Phy interface Condition cause : null
2025-02-19 18:42:15,323 [WARN] PackLoader:240 - Cannot read IP mode file for STMicroelectronics.X-CUBE-AZRTOS-L4.2.0.0
2025-02-19 18:42:15,324 [WARN] ConditionMgr:1039 - genDependencies : Invalid condition id : LAN8742 Phy interface Condition cause : null
2025-02-19 18:42:15,324 [WARN] ConditionMgr:1039 - genDependencies : Invalid condition id : LAN8742 Phy interface Condition cause : null
2025-02-19 18:42:15,325 [WARN] ConditionMgr:1039 - genDependencies : Invalid condition id : LAN8742 Phy interface Condition cause : null
2025-02-19 18:42:15,330 [WARN] PackLoader:240 - Cannot read IP mode file for STMicroelectronics.X-CUBE-SFXS2LP1.4.0.0
2025-02-19 18:42:15,350 [WARN] PackLoader:240 - Cannot read IP mode file for STMicroelectronics.X-CUBE-AZRTOS-H7.3.3.0
2025-02-19 18:42:15,358 [WARN] PackLoader:240 - Cannot read IP mode file for STMicroelectronics.X-CUBE-IPS.3.0.0
2025-02-19 18:42:15,368 [WARN] ConditionMgr:438 - getConditionDescription Invalid condition id : UX DEVICE CLASS RTOS Condition cause : null
2025-02-19 18:42:15,368 [WARN] ConditionMgr:438 - getConditionDescription Invalid condition id : UX DEVICE CLASS RTOS Condition cause : null
2025-02-19 18:42:15,369 [WARN] PackLoader:240 - Cannot read IP mode file for STMicroelectronics.X-CUBE-AZRTOS-WB.2.0.0
2025-02-19 18:42:15,369 [WARN] ConditionMgr:1039 - genDependencies : Invalid condition id : UX DEVICE CLASS RTOS Condition cause : null
2025-02-19 18:42:15,370 [WARN] ConditionMgr:1039 - genDependencies : Invalid condition id : UX DEVICE CLASS RTOS Condition cause : null
2025-02-19 18:42:15,370 [WARN] ConditionMgr:1039 - genDependencies : Invalid condition id : UX DEVICE CLASS RTOS Condition cause : null
2025-02-19 18:42:15,370 [WARN] ConditionMgr:1039 - genDependencies : Invalid condition id : UX DEVICE CLASS RTOS Condition cause : null
2025-02-19 18:42:15,370 [WARN] ConditionMgr:1039 - genDependencies : Invalid condition id : UX DEVICE CLASS RTOS Condition cause : null
2025-02-19 18:42:15,375 [WARN] PackLoader:240 - Cannot read IP mode file for STMicroelectronics.X-CUBE-GNSS1.7.0.0
2025-02-19 18:42:15,380 [WARN] PackLoader:240 - Cannot read IP mode file for STMicroelectronics.X-CUBE-GNSS1.7.0.1
2025-02-19 18:42:15,385 [WARN] PackLoader:240 - Cannot read IP mode file for STMicroelectronics.FP-SNS-STBOX1.2.0.0
2025-02-19 18:42:15,394 [WARN] PackLoader:240 - Cannot read IP mode file for STMicroelectronics.X-CUBE-SUBG2.5.0.0
2025-02-19 18:42:15,399 [WARN] PackLoader:240 - Cannot read IP mode file for Cesanta.I-CUBE-Mongoose.7.13.0
2025-02-19 18:42:15,409 [WARN] PackLoader:240 - Cannot read IP mode file for STMicroelectronics.X-CUBE-AZRTOS-G4.2.0.0
2025-02-19 18:42:15,412 [WARN] PackLoader:240 - Cannot read IP mode file for STMicroelectronics.X-CUBE-ISPU.2.0.0
2025-02-19 18:42:15,415 [ERROR] Engine:466 - C:\Users\Dan Balan\.stm32cubemx\thirdparties\pdsc\STMicroelectronics.X-CUBE-IPS.3.1.0.pdsc: PDSC version is not supported
2025-02-19 18:42:15,418 [WARN] PackLoader:240 - Cannot read IP mode file for STMicroelectronics.X-CUBE-ALS.1.0.2
2025-02-19 18:42:15,423 [WARN] PackLoader:240 - Cannot read IP mode file for STMicroelectronics.X-CUBE-TOUCHGFX.4.24.0
2025-02-19 18:42:15,425 [WARN] PackLoader:240 - Cannot read IP mode file for STMicroelectronics.X-CUBE-TOUCHGFX.4.24.2
2025-02-19 18:42:15,427 [WARN] PackLoader:240 - Cannot read IP mode file for STMicroelectronics.X-CUBE-TOUCHGFX.4.24.1
2025-02-19 18:42:15,429 [WARN] PackLoader:240 - Cannot read IP mode file for wolfSSL.I-CUBE-wolfTPM.3.4.0
2025-02-19 18:42:15,433 [WARN] PackLoader:240 - Cannot read IP mode file for portGmbH.I-Cube-SoM-uGOAL.1.1.0
2025-02-19 18:42:15,446 [WARN] PackLoader:240 - Cannot read IP mode file for STMicroelectronics.X-CUBE-AZRTOS-H7RS.1.0.0
2025-02-19 18:42:15,450 [WARN] PackLoader:240 - Cannot read IP mode file for STMicroelectronics.FP-ATR-ASTRA1.2.0.0
2025-02-19 18:42:15,457 [WARN] PackLoader:240 - Cannot read IP mode file for STMicroelectronics.X-CUBE-TOF1.3.4.2
2025-02-19 18:42:15,477 [WARN] PackLoader:240 - Cannot read IP mode file for Infineon.AIROC-Wi-Fi-Bluetooth-STM32.1.6.1
2025-02-19 18:42:15,482 [WARN] PackLoader:240 - Cannot read IP mode file for wolfSSL.I-CUBE-wolfSSH.1.4.17
2025-02-19 18:42:15,482 [INFO] ThirdParty:978 - Integrity check success = true
2025-02-19 18:42:15,482 [INFO] IntegrityCheckThread:100 - exiting critical section [integrity check]
2025-02-19 18:42:15,483 [INFO] IntegrityCheckThread:103 - End integrity checks thread
2025-02-19 18:42:37,452 [ERROR] LogOutputStream:75 - [STDERR_REDIRECT] 
2025-02-19 18:42:37,454 [ERROR] LogOutputStream:75 - [STDERR_REDIRECT] 
2025-02-19 18:42:43,084 [INFO] Activator:176 - 


2025-02-19 18:42:43,087 [INFO] Activator:177 - !SESSION log4j initialized
2025-02-19 18:42:46,863 [INFO] LogOutputStream:77 - [STDOUT_REDIRECT] 
